<?xml version="1.0" encoding="UTF-8"?>
<!-- Generated by org.testng.reporters.JUnitReportReporter -->
<testsuite hostname="SriPriya" name="mmp.assignment.one.Assignment1_DynamicRows" tests="2" failures="0" timestamp="5 Jun 2019 00:11:33 GMT" time="45.414" errors="0">
  <testcase name="TC002_ColDataValidation" time="21.481" classname="mmp.assignment.one.Assignment1_DynamicRows"/>
  <testcase name="TC001_ColCountValidation" time="23.933" classname="mmp.assignment.one.Assignment1_DynamicRows"/>
</testsuite> <!-- mmp.assignment.one.Assignment1_DynamicRows -->
